0 info it worked if it ends with ok
1 verbose cli [ '/usr/local/bin/node', '/usr/local/bin/npm', 'update' ]
2 info using npm@3.3.12
3 info using node@v5.4.0
4 silly mapToRegistry name autoprefixer-core
5 silly mapToRegistry using default registry
6 silly mapToRegistry registry https://registry.npmjs.org/
7 silly mapToRegistry uri https://registry.npmjs.org/autoprefixer-core
8 silly mapToRegistry name backbone.marionette.dust
9 silly mapToRegistry using default registry
10 silly mapToRegistry registry https://registry.npmjs.org/
11 silly mapToRegistry uri https://registry.npmjs.org/backbone.marionette.dust
12 silly mapToRegistry name browser-sync
13 silly mapToRegistry using default registry
14 silly mapToRegistry registry https://registry.npmjs.org/
15 silly mapToRegistry uri https://registry.npmjs.org/browser-sync
16 silly mapToRegistry name gulp
17 silly mapToRegistry using default registry
18 silly mapToRegistry registry https://registry.npmjs.org/
19 silly mapToRegistry uri https://registry.npmjs.org/gulp
20 silly mapToRegistry name gulp-babel
21 silly mapToRegistry using default registry
22 silly mapToRegistry registry https://registry.npmjs.org/
23 silly mapToRegistry uri https://registry.npmjs.org/gulp-babel
24 silly mapToRegistry name gulp-concat
25 silly mapToRegistry using default registry
26 silly mapToRegistry registry https://registry.npmjs.org/
27 silly mapToRegistry uri https://registry.npmjs.org/gulp-concat
28 silly mapToRegistry name gulp-declare
29 silly mapToRegistry using default registry
30 silly mapToRegistry registry https://registry.npmjs.org/
31 silly mapToRegistry uri https://registry.npmjs.org/gulp-declare
32 silly mapToRegistry name gulp-load-plugins
33 silly mapToRegistry using default registry
34 silly mapToRegistry registry https://registry.npmjs.org/
35 silly mapToRegistry uri https://registry.npmjs.org/gulp-load-plugins
36 silly mapToRegistry name gulp-notify
37 silly mapToRegistry using default registry
38 silly mapToRegistry registry https://registry.npmjs.org/
39 silly mapToRegistry uri https://registry.npmjs.org/gulp-notify
40 silly mapToRegistry name gulp-plumber
41 silly mapToRegistry using default registry
42 silly mapToRegistry registry https://registry.npmjs.org/
43 silly mapToRegistry uri https://registry.npmjs.org/gulp-plumber
44 silly mapToRegistry name gulp-postcss
45 silly mapToRegistry using default registry
46 silly mapToRegistry registry https://registry.npmjs.org/
47 silly mapToRegistry uri https://registry.npmjs.org/gulp-postcss
48 silly mapToRegistry name gulp-sass
49 silly mapToRegistry using default registry
50 silly mapToRegistry registry https://registry.npmjs.org/
51 silly mapToRegistry uri https://registry.npmjs.org/gulp-sass
52 silly mapToRegistry name gulp-sourcemaps
53 silly mapToRegistry using default registry
54 silly mapToRegistry registry https://registry.npmjs.org/
55 silly mapToRegistry uri https://registry.npmjs.org/gulp-sourcemaps
56 silly mapToRegistry name gulp-util
57 silly mapToRegistry using default registry
58 silly mapToRegistry registry https://registry.npmjs.org/
59 silly mapToRegistry uri https://registry.npmjs.org/gulp-util
60 silly mapToRegistry name gulp-wrap
61 silly mapToRegistry using default registry
62 silly mapToRegistry registry https://registry.npmjs.org/
63 silly mapToRegistry uri https://registry.npmjs.org/gulp-wrap
64 silly mapToRegistry name gulp-dust
65 silly mapToRegistry using default registry
66 silly mapToRegistry registry https://registry.npmjs.org/
67 silly mapToRegistry uri https://registry.npmjs.org/gulp-dust
68 verbose request uri https://registry.npmjs.org/autoprefixer-core
69 verbose request no auth needed
70 info attempt registry request try #1 at 8:32:36 PM
71 verbose request id 6a8234db7d9b8f43
72 verbose etag "24OZ2JP8TVHQ0913YS664JJ0I"
73 http request GET https://registry.npmjs.org/autoprefixer-core
74 verbose request uri https://registry.npmjs.org/backbone.marionette.dust
75 verbose request no auth needed
76 info attempt registry request try #1 at 8:32:36 PM
77 verbose etag "22FYO2AWQP7AROFKDGM0JMGWR"
78 http request GET https://registry.npmjs.org/backbone.marionette.dust
79 verbose request uri https://registry.npmjs.org/gulp
80 verbose request no auth needed
81 info attempt registry request try #1 at 8:32:36 PM
82 verbose etag "8R5AX8LDRCOEKUKJ51QVP5W10"
83 http request GET https://registry.npmjs.org/gulp
84 verbose request uri https://registry.npmjs.org/gulp-babel
85 verbose request no auth needed
86 info attempt registry request try #1 at 8:32:36 PM
87 verbose etag "9CQGIOTTSFH2LPXTDEOOPW08F"
88 http request GET https://registry.npmjs.org/gulp-babel
89 verbose request uri https://registry.npmjs.org/gulp-concat
90 verbose request no auth needed
91 info attempt registry request try #1 at 8:32:36 PM
92 verbose etag "F4TGVPSOFBXXBV9WSUQ88IBKY"
93 http request GET https://registry.npmjs.org/gulp-concat
94 verbose request uri https://registry.npmjs.org/gulp-declare
95 verbose request no auth needed
96 info attempt registry request try #1 at 8:32:36 PM
97 verbose etag "EOQJW33VH42E7G6QCBGMNOSBW"
98 http request GET https://registry.npmjs.org/gulp-declare
99 verbose request uri https://registry.npmjs.org/gulp-load-plugins
100 verbose request no auth needed
101 info attempt registry request try #1 at 8:32:36 PM
102 verbose etag "3GHXXJJSOVM7D6YT5CUFL75XI"
103 http request GET https://registry.npmjs.org/gulp-load-plugins
104 verbose request uri https://registry.npmjs.org/gulp-plumber
105 verbose request no auth needed
106 info attempt registry request try #1 at 8:32:36 PM
107 verbose etag "DT82B0EVFTNAGZ71QZUNCRRK3"
108 http request GET https://registry.npmjs.org/gulp-plumber
109 verbose request uri https://registry.npmjs.org/browser-sync
110 verbose request no auth needed
111 info attempt registry request try #1 at 8:32:36 PM
112 verbose etag "CYLUOIR1GCSD82VUQT5IDG9L9"
113 http request GET https://registry.npmjs.org/browser-sync
114 verbose request uri https://registry.npmjs.org/gulp-notify
115 verbose request no auth needed
116 info attempt registry request try #1 at 8:32:36 PM
117 verbose etag "D8GPH9A5EMEQ57E8XTZ1SBFNF"
118 http request GET https://registry.npmjs.org/gulp-notify
119 verbose request uri https://registry.npmjs.org/gulp-sass
120 verbose request no auth needed
121 info attempt registry request try #1 at 8:32:36 PM
122 verbose etag "110ZZ34AUSZ6CIRII9ZGRHHWA"
123 http request GET https://registry.npmjs.org/gulp-sass
124 verbose request uri https://registry.npmjs.org/gulp-postcss
125 verbose request no auth needed
126 info attempt registry request try #1 at 8:32:36 PM
127 verbose etag "F1O89926T0YKZ3SRXL1EUWI9A"
128 http request GET https://registry.npmjs.org/gulp-postcss
129 verbose request uri https://registry.npmjs.org/gulp-sourcemaps
130 verbose request no auth needed
131 info attempt registry request try #1 at 8:32:36 PM
132 verbose etag "33TJZBZF8I2E3EHQZYP84MJEG"
133 http request GET https://registry.npmjs.org/gulp-sourcemaps
134 verbose request uri https://registry.npmjs.org/gulp-util
135 verbose request no auth needed
136 info attempt registry request try #1 at 8:32:36 PM
137 verbose etag "1B5L995ZJDRO145H6IDOXAGPR"
138 http request GET https://registry.npmjs.org/gulp-util
139 verbose request uri https://registry.npmjs.org/gulp-wrap
140 verbose request no auth needed
141 info attempt registry request try #1 at 8:32:36 PM
142 verbose etag "ERIE76CPHBJZD1I6OPJ7H51HF"
143 http request GET https://registry.npmjs.org/gulp-wrap
144 verbose request uri https://registry.npmjs.org/gulp-dust
145 verbose request no auth needed
146 info attempt registry request try #1 at 8:32:36 PM
147 verbose etag "431LXVS3TIR578CSG5LSUXQUM"
148 http request GET https://registry.npmjs.org/gulp-dust
149 http 304 https://registry.npmjs.org/autoprefixer-core
150 verbose headers { date: 'Wed, 18 May 2016 00:32:35 GMT',
150 verbose headers   via: '1.1 varnish',
150 verbose headers   'cache-control': 'max-age=300',
150 verbose headers   etag: '"24OZ2JP8TVHQ0913YS664JJ0I"',
150 verbose headers   age: '278',
150 verbose headers   connection: 'keep-alive',
150 verbose headers   'x-served-by': 'cache-jfk1021-JFK',
150 verbose headers   'x-cache': 'HIT',
150 verbose headers   'x-cache-hits': '1',
150 verbose headers   'x-timer': 'S1463531555.310670,VS0,VE0',
150 verbose headers   vary: 'Accept-Encoding' }
151 silly get cb [ 304,
151 silly get   { date: 'Wed, 18 May 2016 00:32:35 GMT',
151 silly get     via: '1.1 varnish',
151 silly get     'cache-control': 'max-age=300',
151 silly get     etag: '"24OZ2JP8TVHQ0913YS664JJ0I"',
151 silly get     age: '278',
151 silly get     connection: 'keep-alive',
151 silly get     'x-served-by': 'cache-jfk1021-JFK',
151 silly get     'x-cache': 'HIT',
151 silly get     'x-cache-hits': '1',
151 silly get     'x-timer': 'S1463531555.310670,VS0,VE0',
151 silly get     vary: 'Accept-Encoding' } ]
152 verbose etag https://registry.npmjs.org/autoprefixer-core from cache
153 verbose get saving autoprefixer-core to /Users/mattchastain/.npm/registry.npmjs.org/autoprefixer-core/.cache.json
154 http 304 https://registry.npmjs.org/gulp-babel
155 verbose headers { date: 'Wed, 18 May 2016 00:32:35 GMT',
155 verbose headers   via: '1.1 varnish',
155 verbose headers   'cache-control': 'max-age=300',
155 verbose headers   etag: '"9CQGIOTTSFH2LPXTDEOOPW08F"',
155 verbose headers   age: '198',
155 verbose headers   connection: 'keep-alive',
155 verbose headers   'x-served-by': 'cache-jfk1028-JFK',
155 verbose headers   'x-cache': 'HIT',
155 verbose headers   'x-cache-hits': '22',
155 verbose headers   'x-timer': 'S1463531555.313769,VS0,VE0',
155 verbose headers   vary: 'Accept-Encoding' }
156 silly get cb [ 304,
156 silly get   { date: 'Wed, 18 May 2016 00:32:35 GMT',
156 silly get     via: '1.1 varnish',
156 silly get     'cache-control': 'max-age=300',
156 silly get     etag: '"9CQGIOTTSFH2LPXTDEOOPW08F"',
156 silly get     age: '198',
156 silly get     connection: 'keep-alive',
156 silly get     'x-served-by': 'cache-jfk1028-JFK',
156 silly get     'x-cache': 'HIT',
156 silly get     'x-cache-hits': '22',
156 silly get     'x-timer': 'S1463531555.313769,VS0,VE0',
156 silly get     vary: 'Accept-Encoding' } ]
157 verbose etag https://registry.npmjs.org/gulp-babel from cache
158 verbose get saving gulp-babel to /Users/mattchastain/.npm/registry.npmjs.org/gulp-babel/.cache.json
159 http 304 https://registry.npmjs.org/gulp-load-plugins
160 verbose headers { date: 'Wed, 18 May 2016 00:32:35 GMT',
160 verbose headers   via: '1.1 varnish',
160 verbose headers   'cache-control': 'max-age=300',
160 verbose headers   etag: '"3GHXXJJSOVM7D6YT5CUFL75XI"',
160 verbose headers   age: '264',
160 verbose headers   connection: 'keep-alive',
160 verbose headers   'x-served-by': 'cache-jfk1041-JFK',
160 verbose headers   'x-cache': 'HIT',
160 verbose headers   'x-cache-hits': '1',
160 verbose headers   'x-timer': 'S1463531555.314391,VS0,VE0',
160 verbose headers   vary: 'Accept-Encoding' }
161 silly get cb [ 304,
161 silly get   { date: 'Wed, 18 May 2016 00:32:35 GMT',
161 silly get     via: '1.1 varnish',
161 silly get     'cache-control': 'max-age=300',
161 silly get     etag: '"3GHXXJJSOVM7D6YT5CUFL75XI"',
161 silly get     age: '264',
161 silly get     connection: 'keep-alive',
161 silly get     'x-served-by': 'cache-jfk1041-JFK',
161 silly get     'x-cache': 'HIT',
161 silly get     'x-cache-hits': '1',
161 silly get     'x-timer': 'S1463531555.314391,VS0,VE0',
161 silly get     vary: 'Accept-Encoding' } ]
162 verbose etag https://registry.npmjs.org/gulp-load-plugins from cache
163 verbose get saving gulp-load-plugins to /Users/mattchastain/.npm/registry.npmjs.org/gulp-load-plugins/.cache.json
164 http 304 https://registry.npmjs.org/gulp-concat
165 verbose headers { date: 'Wed, 18 May 2016 00:32:35 GMT',
165 verbose headers   via: '1.1 varnish',
165 verbose headers   'cache-control': 'max-age=300',
165 verbose headers   etag: '"F4TGVPSOFBXXBV9WSUQ88IBKY"',
165 verbose headers   age: '67',
165 verbose headers   connection: 'keep-alive',
165 verbose headers   'x-served-by': 'cache-jfk1050-JFK',
165 verbose headers   'x-cache': 'HIT',
165 verbose headers   'x-cache-hits': '1',
165 verbose headers   'x-timer': 'S1463531555.314981,VS0,VE0',
165 verbose headers   vary: 'Accept-Encoding' }
166 silly get cb [ 304,
166 silly get   { date: 'Wed, 18 May 2016 00:32:35 GMT',
166 silly get     via: '1.1 varnish',
166 silly get     'cache-control': 'max-age=300',
166 silly get     etag: '"F4TGVPSOFBXXBV9WSUQ88IBKY"',
166 silly get     age: '67',
166 silly get     connection: 'keep-alive',
166 silly get     'x-served-by': 'cache-jfk1050-JFK',
166 silly get     'x-cache': 'HIT',
166 silly get     'x-cache-hits': '1',
166 silly get     'x-timer': 'S1463531555.314981,VS0,VE0',
166 silly get     vary: 'Accept-Encoding' } ]
167 verbose etag https://registry.npmjs.org/gulp-concat from cache
168 verbose get saving gulp-concat to /Users/mattchastain/.npm/registry.npmjs.org/gulp-concat/.cache.json
169 http 304 https://registry.npmjs.org/browser-sync
170 verbose headers { date: 'Wed, 18 May 2016 00:32:35 GMT',
170 verbose headers   via: '1.1 varnish',
170 verbose headers   'cache-control': 'max-age=300',
170 verbose headers   etag: '"CYLUOIR1GCSD82VUQT5IDG9L9"',
170 verbose headers   age: '36',
170 verbose headers   connection: 'keep-alive',
170 verbose headers   'x-served-by': 'cache-jfk1049-JFK',
170 verbose headers   'x-cache': 'HIT',
170 verbose headers   'x-cache-hits': '1',
170 verbose headers   'x-timer': 'S1463531555.321634,VS0,VE0',
170 verbose headers   vary: 'Accept-Encoding' }
171 silly get cb [ 304,
171 silly get   { date: 'Wed, 18 May 2016 00:32:35 GMT',
171 silly get     via: '1.1 varnish',
171 silly get     'cache-control': 'max-age=300',
171 silly get     etag: '"CYLUOIR1GCSD82VUQT5IDG9L9"',
171 silly get     age: '36',
171 silly get     connection: 'keep-alive',
171 silly get     'x-served-by': 'cache-jfk1049-JFK',
171 silly get     'x-cache': 'HIT',
171 silly get     'x-cache-hits': '1',
171 silly get     'x-timer': 'S1463531555.321634,VS0,VE0',
171 silly get     vary: 'Accept-Encoding' } ]
172 verbose etag https://registry.npmjs.org/browser-sync from cache
173 verbose get saving browser-sync to /Users/mattchastain/.npm/registry.npmjs.org/browser-sync/.cache.json
174 http 304 https://registry.npmjs.org/gulp-plumber
175 verbose headers { date: 'Wed, 18 May 2016 00:32:35 GMT',
175 verbose headers   via: '1.1 varnish',
175 verbose headers   'cache-control': 'max-age=300',
175 verbose headers   etag: '"DT82B0EVFTNAGZ71QZUNCRRK3"',
175 verbose headers   age: '13',
175 verbose headers   connection: 'keep-alive',
175 verbose headers   'x-served-by': 'cache-jfk1030-JFK',
175 verbose headers   'x-cache': 'HIT',
175 verbose headers   'x-cache-hits': '1',
175 verbose headers   'x-timer': 'S1463531555.321670,VS0,VE0',
175 verbose headers   vary: 'Accept-Encoding' }
176 silly get cb [ 304,
176 silly get   { date: 'Wed, 18 May 2016 00:32:35 GMT',
176 silly get     via: '1.1 varnish',
176 silly get     'cache-control': 'max-age=300',
176 silly get     etag: '"DT82B0EVFTNAGZ71QZUNCRRK3"',
176 silly get     age: '13',
176 silly get     connection: 'keep-alive',
176 silly get     'x-served-by': 'cache-jfk1030-JFK',
176 silly get     'x-cache': 'HIT',
176 silly get     'x-cache-hits': '1',
176 silly get     'x-timer': 'S1463531555.321670,VS0,VE0',
176 silly get     vary: 'Accept-Encoding' } ]
177 verbose etag https://registry.npmjs.org/gulp-plumber from cache
178 verbose get saving gulp-plumber to /Users/mattchastain/.npm/registry.npmjs.org/gulp-plumber/.cache.json
179 http 304 https://registry.npmjs.org/gulp-notify
180 verbose headers { date: 'Wed, 18 May 2016 00:32:35 GMT',
180 verbose headers   via: '1.1 varnish',
180 verbose headers   'cache-control': 'max-age=300',
180 verbose headers   etag: '"D8GPH9A5EMEQ57E8XTZ1SBFNF"',
180 verbose headers   age: '100',
180 verbose headers   connection: 'keep-alive',
180 verbose headers   'x-served-by': 'cache-jfk1036-JFK',
180 verbose headers   'x-cache': 'HIT',
180 verbose headers   'x-cache-hits': '1',
180 verbose headers   'x-timer': 'S1463531555.322847,VS0,VE0',
180 verbose headers   vary: 'Accept-Encoding' }
181 silly get cb [ 304,
181 silly get   { date: 'Wed, 18 May 2016 00:32:35 GMT',
181 silly get     via: '1.1 varnish',
181 silly get     'cache-control': 'max-age=300',
181 silly get     etag: '"D8GPH9A5EMEQ57E8XTZ1SBFNF"',
181 silly get     age: '100',
181 silly get     connection: 'keep-alive',
181 silly get     'x-served-by': 'cache-jfk1036-JFK',
181 silly get     'x-cache': 'HIT',
181 silly get     'x-cache-hits': '1',
181 silly get     'x-timer': 'S1463531555.322847,VS0,VE0',
181 silly get     vary: 'Accept-Encoding' } ]
182 verbose etag https://registry.npmjs.org/gulp-notify from cache
183 verbose get saving gulp-notify to /Users/mattchastain/.npm/registry.npmjs.org/gulp-notify/.cache.json
184 http 304 https://registry.npmjs.org/gulp-sass
185 verbose headers { date: 'Wed, 18 May 2016 00:32:35 GMT',
185 verbose headers   via: '1.1 varnish',
185 verbose headers   'cache-control': 'max-age=300',
185 verbose headers   etag: '"110ZZ34AUSZ6CIRII9ZGRHHWA"',
185 verbose headers   age: '9',
185 verbose headers   connection: 'keep-alive',
185 verbose headers   'x-served-by': 'cache-jfk1051-JFK',
185 verbose headers   'x-cache': 'HIT',
185 verbose headers   'x-cache-hits': '1',
185 verbose headers   'x-timer': 'S1463531555.323479,VS0,VE0',
185 verbose headers   vary: 'Accept-Encoding' }
186 silly get cb [ 304,
186 silly get   { date: 'Wed, 18 May 2016 00:32:35 GMT',
186 silly get     via: '1.1 varnish',
186 silly get     'cache-control': 'max-age=300',
186 silly get     etag: '"110ZZ34AUSZ6CIRII9ZGRHHWA"',
186 silly get     age: '9',
186 silly get     connection: 'keep-alive',
186 silly get     'x-served-by': 'cache-jfk1051-JFK',
186 silly get     'x-cache': 'HIT',
186 silly get     'x-cache-hits': '1',
186 silly get     'x-timer': 'S1463531555.323479,VS0,VE0',
186 silly get     vary: 'Accept-Encoding' } ]
187 verbose etag https://registry.npmjs.org/gulp-sass from cache
188 verbose get saving gulp-sass to /Users/mattchastain/.npm/registry.npmjs.org/gulp-sass/.cache.json
189 http 304 https://registry.npmjs.org/gulp-util
190 verbose headers { date: 'Wed, 18 May 2016 00:32:35 GMT',
190 verbose headers   via: '1.1 varnish',
190 verbose headers   'cache-control': 'max-age=300',
190 verbose headers   etag: '"1B5L995ZJDRO145H6IDOXAGPR"',
190 verbose headers   age: '166',
190 verbose headers   connection: 'keep-alive',
190 verbose headers   'x-served-by': 'cache-jfk1039-JFK',
190 verbose headers   'x-cache': 'HIT',
190 verbose headers   'x-cache-hits': '4',
190 verbose headers   'x-timer': 'S1463531555.323716,VS0,VE0',
190 verbose headers   vary: 'Accept-Encoding' }
191 silly get cb [ 304,
191 silly get   { date: 'Wed, 18 May 2016 00:32:35 GMT',
191 silly get     via: '1.1 varnish',
191 silly get     'cache-control': 'max-age=300',
191 silly get     etag: '"1B5L995ZJDRO145H6IDOXAGPR"',
191 silly get     age: '166',
191 silly get     connection: 'keep-alive',
191 silly get     'x-served-by': 'cache-jfk1039-JFK',
191 silly get     'x-cache': 'HIT',
191 silly get     'x-cache-hits': '4',
191 silly get     'x-timer': 'S1463531555.323716,VS0,VE0',
191 silly get     vary: 'Accept-Encoding' } ]
192 verbose etag https://registry.npmjs.org/gulp-util from cache
193 verbose get saving gulp-util to /Users/mattchastain/.npm/registry.npmjs.org/gulp-util/.cache.json
194 http 304 https://registry.npmjs.org/gulp-sourcemaps
195 verbose headers { date: 'Wed, 18 May 2016 00:32:35 GMT',
195 verbose headers   via: '1.1 varnish',
195 verbose headers   'cache-control': 'max-age=300',
195 verbose headers   etag: '"33TJZBZF8I2E3EHQZYP84MJEG"',
195 verbose headers   age: '83',
195 verbose headers   connection: 'keep-alive',
195 verbose headers   'x-served-by': 'cache-jfk1043-JFK',
195 verbose headers   'x-cache': 'HIT',
195 verbose headers   'x-cache-hits': '1',
195 verbose headers   'x-timer': 'S1463531555.325168,VS0,VE0',
195 verbose headers   vary: 'Accept-Encoding' }
196 silly get cb [ 304,
196 silly get   { date: 'Wed, 18 May 2016 00:32:35 GMT',
196 silly get     via: '1.1 varnish',
196 silly get     'cache-control': 'max-age=300',
196 silly get     etag: '"33TJZBZF8I2E3EHQZYP84MJEG"',
196 silly get     age: '83',
196 silly get     connection: 'keep-alive',
196 silly get     'x-served-by': 'cache-jfk1043-JFK',
196 silly get     'x-cache': 'HIT',
196 silly get     'x-cache-hits': '1',
196 silly get     'x-timer': 'S1463531555.325168,VS0,VE0',
196 silly get     vary: 'Accept-Encoding' } ]
197 verbose etag https://registry.npmjs.org/gulp-sourcemaps from cache
198 verbose get saving gulp-sourcemaps to /Users/mattchastain/.npm/registry.npmjs.org/gulp-sourcemaps/.cache.json
199 http 304 https://registry.npmjs.org/gulp-postcss
200 verbose headers { date: 'Wed, 18 May 2016 00:32:35 GMT',
200 verbose headers   via: '1.1 varnish',
200 verbose headers   'cache-control': 'max-age=300',
200 verbose headers   etag: '"F1O89926T0YKZ3SRXL1EUWI9A"',
200 verbose headers   age: '264',
200 verbose headers   connection: 'keep-alive',
200 verbose headers   'x-served-by': 'cache-jfk1025-JFK',
200 verbose headers   'x-cache': 'HIT',
200 verbose headers   'x-cache-hits': '1',
200 verbose headers   'x-timer': 'S1463531555.329916,VS0,VE0',
200 verbose headers   vary: 'Accept-Encoding' }
201 silly get cb [ 304,
201 silly get   { date: 'Wed, 18 May 2016 00:32:35 GMT',
201 silly get     via: '1.1 varnish',
201 silly get     'cache-control': 'max-age=300',
201 silly get     etag: '"F1O89926T0YKZ3SRXL1EUWI9A"',
201 silly get     age: '264',
201 silly get     connection: 'keep-alive',
201 silly get     'x-served-by': 'cache-jfk1025-JFK',
201 silly get     'x-cache': 'HIT',
201 silly get     'x-cache-hits': '1',
201 silly get     'x-timer': 'S1463531555.329916,VS0,VE0',
201 silly get     vary: 'Accept-Encoding' } ]
202 verbose etag https://registry.npmjs.org/gulp-postcss from cache
203 verbose get saving gulp-postcss to /Users/mattchastain/.npm/registry.npmjs.org/gulp-postcss/.cache.json
204 http 304 https://registry.npmjs.org/gulp-dust
205 verbose headers { date: 'Wed, 18 May 2016 00:32:35 GMT',
205 verbose headers   via: '1.1 varnish',
205 verbose headers   'cache-control': 'max-age=300',
205 verbose headers   etag: '"431LXVS3TIR578CSG5LSUXQUM"',
205 verbose headers   age: '0',
205 verbose headers   connection: 'keep-alive',
205 verbose headers   'x-served-by': 'cache-jfk1041-JFK',
205 verbose headers   'x-cache': 'MISS',
205 verbose headers   'x-cache-hits': '0',
205 verbose headers   'x-timer': 'S1463531555.325132,VS0,VE26',
205 verbose headers   vary: 'Accept-Encoding' }
206 silly get cb [ 304,
206 silly get   { date: 'Wed, 18 May 2016 00:32:35 GMT',
206 silly get     via: '1.1 varnish',
206 silly get     'cache-control': 'max-age=300',
206 silly get     etag: '"431LXVS3TIR578CSG5LSUXQUM"',
206 silly get     age: '0',
206 silly get     connection: 'keep-alive',
206 silly get     'x-served-by': 'cache-jfk1041-JFK',
206 silly get     'x-cache': 'MISS',
206 silly get     'x-cache-hits': '0',
206 silly get     'x-timer': 'S1463531555.325132,VS0,VE26',
206 silly get     vary: 'Accept-Encoding' } ]
207 verbose etag https://registry.npmjs.org/gulp-dust from cache
208 verbose get saving gulp-dust to /Users/mattchastain/.npm/registry.npmjs.org/gulp-dust/.cache.json
209 silly cache add args [ 'gulp-dust', '^2.6.0' ]
210 verbose cache add spec gulp-dust@^2.6.0
211 silly cache add parsed spec Result {
211 silly cache add   raw: 'gulp-dust@^2.6.0',
211 silly cache add   scope: null,
211 silly cache add   name: 'gulp-dust',
211 silly cache add   rawSpec: '^2.6.0',
211 silly cache add   spec: '>=2.6.0 <3.0.0',
211 silly cache add   type: 'range' }
212 silly addNamed gulp-dust@>=2.6.0 <3.0.0
213 verbose addNamed ">=2.6.0 <3.0.0" is a valid semver range for gulp-dust
214 silly addNameRange { name: 'gulp-dust', range: '>=2.6.0 <3.0.0', hasData: false }
215 silly mapToRegistry name gulp-dust
216 silly mapToRegistry using default registry
217 silly mapToRegistry registry https://registry.npmjs.org/
218 silly mapToRegistry uri https://registry.npmjs.org/gulp-dust
219 verbose addNameRange registry:https://registry.npmjs.org/gulp-dust not in flight; fetching
220 http 200 https://registry.npmjs.org/gulp
221 verbose headers { server: 'CouchDB/1.5.0 (Erlang OTP/R16B03)',
221 verbose headers   etag: '"6ANQKGMB803E0RK55V1ZWJEEZ"',
221 verbose headers   'content-type': 'application/json',
221 verbose headers   'content-encoding': 'gzip',
221 verbose headers   'cache-control': 'max-age=300',
221 verbose headers   'content-length': '18267',
221 verbose headers   'accept-ranges': 'bytes',
221 verbose headers   date: 'Wed, 18 May 2016 00:32:35 GMT',
221 verbose headers   via: '1.1 varnish',
221 verbose headers   age: '138',
221 verbose headers   connection: 'keep-alive',
221 verbose headers   'x-served-by': 'cache-jfk1028-JFK',
221 verbose headers   'x-cache': 'HIT',
221 verbose headers   'x-cache-hits': '4',
221 verbose headers   'x-timer': 'S1463531555.313208,VS0,VE0',
221 verbose headers   vary: 'Accept-Encoding' }
222 silly get cb [ 200,
222 silly get   { server: 'CouchDB/1.5.0 (Erlang OTP/R16B03)',
222 silly get     etag: '"6ANQKGMB803E0RK55V1ZWJEEZ"',
222 silly get     'content-type': 'application/json',
222 silly get     'content-encoding': 'gzip',
222 silly get     'cache-control': 'max-age=300',
222 silly get     'content-length': '18267',
222 silly get     'accept-ranges': 'bytes',
222 silly get     date: 'Wed, 18 May 2016 00:32:35 GMT',
222 silly get     via: '1.1 varnish',
222 silly get     age: '138',
222 silly get     connection: 'keep-alive',
222 silly get     'x-served-by': 'cache-jfk1028-JFK',
222 silly get     'x-cache': 'HIT',
222 silly get     'x-cache-hits': '4',
222 silly get     'x-timer': 'S1463531555.313208,VS0,VE0',
222 silly get     vary: 'Accept-Encoding' } ]
223 verbose get saving gulp to /Users/mattchastain/.npm/registry.npmjs.org/gulp/.cache.json
224 verbose get https://registry.npmjs.org/gulp-dust not expired, no request
225 silly addNameRange number 2 { name: 'gulp-dust', range: '>=2.6.0 <3.0.0', hasData: true }
226 silly addNameRange versions [ 'gulp-dust',
226 silly addNameRange   [ '0.1.0',
226 silly addNameRange     '0.1.1',
226 silly addNameRange     '0.2.0',
226 silly addNameRange     '0.3.0',
226 silly addNameRange     '1.0.0',
226 silly addNameRange     '1.0.1',
226 silly addNameRange     '1.0.2',
226 silly addNameRange     '1.1.0',
226 silly addNameRange     '2.0.0',
226 silly addNameRange     '2.1.0',
226 silly addNameRange     '3.0.0' ] ]
227 http 304 https://registry.npmjs.org/gulp-wrap
228 verbose headers { date: 'Wed, 18 May 2016 00:32:35 GMT',
228 verbose headers   via: '1.1 varnish',
228 verbose headers   'cache-control': 'max-age=300',
228 verbose headers   etag: '"ERIE76CPHBJZD1I6OPJ7H51HF"',
228 verbose headers   age: '0',
228 verbose headers   connection: 'keep-alive',
228 verbose headers   'x-served-by': 'cache-jfk1034-JFK',
228 verbose headers   'x-cache': 'MISS',
228 verbose headers   'x-cache-hits': '0',
228 verbose headers   'x-timer': 'S1463531555.326563,VS0,VE109',
228 verbose headers   vary: 'Accept-Encoding' }
229 silly get cb [ 304,
229 silly get   { date: 'Wed, 18 May 2016 00:32:35 GMT',
229 silly get     via: '1.1 varnish',
229 silly get     'cache-control': 'max-age=300',
229 silly get     etag: '"ERIE76CPHBJZD1I6OPJ7H51HF"',
229 silly get     age: '0',
229 silly get     connection: 'keep-alive',
229 silly get     'x-served-by': 'cache-jfk1034-JFK',
229 silly get     'x-cache': 'MISS',
229 silly get     'x-cache-hits': '0',
229 silly get     'x-timer': 'S1463531555.326563,VS0,VE109',
229 silly get     vary: 'Accept-Encoding' } ]
230 verbose etag https://registry.npmjs.org/gulp-wrap from cache
231 verbose get saving gulp-wrap to /Users/mattchastain/.npm/registry.npmjs.org/gulp-wrap/.cache.json
232 http 304 https://registry.npmjs.org/backbone.marionette.dust
233 verbose headers { date: 'Wed, 18 May 2016 00:32:35 GMT',
233 verbose headers   via: '1.1 varnish',
233 verbose headers   'cache-control': 'max-age=300',
233 verbose headers   etag: '"22FYO2AWQP7AROFKDGM0JMGWR"',
233 verbose headers   age: '0',
233 verbose headers   connection: 'keep-alive',
233 verbose headers   'x-served-by': 'cache-jfk1036-JFK',
233 verbose headers   'x-cache': 'MISS',
233 verbose headers   'x-cache-hits': '0',
233 verbose headers   'x-timer': 'S1463531555.313306,VS0,VE410',
233 verbose headers   vary: 'Accept-Encoding' }
234 silly get cb [ 304,
234 silly get   { date: 'Wed, 18 May 2016 00:32:35 GMT',
234 silly get     via: '1.1 varnish',
234 silly get     'cache-control': 'max-age=300',
234 silly get     etag: '"22FYO2AWQP7AROFKDGM0JMGWR"',
234 silly get     age: '0',
234 silly get     connection: 'keep-alive',
234 silly get     'x-served-by': 'cache-jfk1036-JFK',
234 silly get     'x-cache': 'MISS',
234 silly get     'x-cache-hits': '0',
234 silly get     'x-timer': 'S1463531555.313306,VS0,VE410',
234 silly get     vary: 'Accept-Encoding' } ]
235 verbose etag https://registry.npmjs.org/backbone.marionette.dust from cache
236 verbose get saving backbone.marionette.dust to /Users/mattchastain/.npm/registry.npmjs.org/backbone.marionette.dust/.cache.json
237 http 304 https://registry.npmjs.org/gulp-declare
238 verbose headers { date: 'Wed, 18 May 2016 00:32:35 GMT',
238 verbose headers   via: '1.1 varnish',
238 verbose headers   'cache-control': 'max-age=300',
238 verbose headers   etag: '"EOQJW33VH42E7G6QCBGMNOSBW"',
238 verbose headers   age: '0',
238 verbose headers   connection: 'keep-alive',
238 verbose headers   'x-served-by': 'cache-jfk1025-JFK',
238 verbose headers   'x-cache': 'HIT',
238 verbose headers   'x-cache-hits': '1',
238 verbose headers   'x-timer': 'S1463531555.333788,VS0,VE393',
238 verbose headers   vary: 'Accept-Encoding' }
239 silly get cb [ 304,
239 silly get   { date: 'Wed, 18 May 2016 00:32:35 GMT',
239 silly get     via: '1.1 varnish',
239 silly get     'cache-control': 'max-age=300',
239 silly get     etag: '"EOQJW33VH42E7G6QCBGMNOSBW"',
239 silly get     age: '0',
239 silly get     connection: 'keep-alive',
239 silly get     'x-served-by': 'cache-jfk1025-JFK',
239 silly get     'x-cache': 'HIT',
239 silly get     'x-cache-hits': '1',
239 silly get     'x-timer': 'S1463531555.333788,VS0,VE393',
239 silly get     vary: 'Accept-Encoding' } ]
240 verbose etag https://registry.npmjs.org/gulp-declare from cache
241 verbose get saving gulp-declare to /Users/mattchastain/.npm/registry.npmjs.org/gulp-declare/.cache.json
242 verbose stack Error: No compatible version found: gulp-dust@'>=2.6.0 <3.0.0'
242 verbose stack Valid install targets:
242 verbose stack 0.1.0, 0.1.1, 0.2.0, 0.3.0, 1.0.0, 1.0.1, 1.0.2, 1.1.0, 2.0.0, 2.1.0, 3.0.0
242 verbose stack
242 verbose stack     at installTargetsError (/usr/local/lib/node_modules/npm/lib/cache/add-named.js:292:12)
242 verbose stack     at next (/usr/local/lib/node_modules/npm/lib/cache/add-named.js:270:19)
242 verbose stack     at setData (/usr/local/lib/node_modules/npm/lib/cache/add-named.js:242:5)
242 verbose stack     at RES (/usr/local/lib/node_modules/npm/node_modules/inflight/inflight.js:23:14)
242 verbose stack     at f (/usr/local/lib/node_modules/npm/node_modules/once/once.js:17:25)
242 verbose stack     at fixName (/usr/local/lib/node_modules/npm/lib/cache/add-named.js:30:5)
242 verbose stack     at /usr/local/lib/node_modules/npm/lib/utils/pulse-till-done.js:19:8
242 verbose stack     at CachingRegistryClient.get_ (/usr/local/lib/node_modules/npm/lib/cache/caching-client.js:120:16)
242 verbose stack     at /usr/local/lib/node_modules/npm/lib/cache/caching-client.js:87:14
242 verbose stack     at /usr/local/lib/node_modules/npm/node_modules/graceful-fs/graceful-fs.js:76:16
243 verbose cwd /Users/mattchastain/Desktop/dev/social-media-analysis
244 error Darwin 15.4.0
245 error argv "/usr/local/bin/node" "/usr/local/bin/npm" "update"
246 error node v5.4.0
247 error npm  v3.3.12
248 error code ETARGET
249 error notarget No compatible version found: gulp-dust@'>=2.6.0 <3.0.0'
249 error notarget Valid install targets:
249 error notarget 0.1.0, 0.1.1, 0.2.0, 0.3.0, 1.0.0, 1.0.1, 1.0.2, 1.1.0, 2.0.0, 2.1.0, 3.0.0
249 error notarget
249 error notarget This is most likely not a problem with npm itself.
249 error notarget In most cases you or one of your dependencies are requesting
249 error notarget a package version that doesn't exist.
250 verbose exit [ 1, true ]
